<?xml version="1.0" encoding="UTF-8" standalone="no"?><testsuite errors="0" failures="0" name="Make request to service" skipped="0" tests="9" time="15.24" timestamp="2023-07-13 02:21:28"><testcase name="Make request to method Get for consult all images of cats"/><testcase name="Make request to method Get for consult an image of cat"/><testcase name="Make request to method POST for create favorite an image of cat"/><testcase name="Make request to method Get for consult an image favourite"/><testcase name="I Make request to method POST for realice double favorite an image of cat"/><testcase name="Make request to method DELETE for delete an image of cat"/></testsuite>