<?xml version="1.0" encoding="UTF-8" standalone="no"?><testsuite errors="0" failures="0" name="Make request to service" skipped="0" tests="7" time="15.96" timestamp="2023-07-12 10:50:23"><testcase name="Make request to method Get for consult all images of cats"/><testcase name="Make request to method POST for create favorite an image of cat"/><testcase name="I Make request to method POST for realice double favorite an image of cat"/><testcase name="Make request to method DELETE for delete an image of cat"/></testsuite>